<?xml version="1.0" encoding="UTF-8"?>
<testng-results skipped="0" failed="0" total="3" passed="3">
  <reporter-output>
  </reporter-output>
  <suite name="Default suite" duration-ms="12486" started-at="2015-09-28T05:34:02Z" finished-at="2015-09-28T05:34:14Z">
    <groups>
    </groups>
    <test name="Default test" duration-ms="12486" started-at="2015-09-28T05:34:02Z" finished-at="2015-09-28T05:34:14Z">
      <class name="Tests.tests">
        <test-method status="PASS" signature="beforeMethod()[pri:0, instance:Tests.tests@62043840]" name="beforeMethod" is-config="true" duration-ms="3478" started-at="2015-09-28T15:34:02Z" finished-at="2015-09-28T15:34:05Z">
          <reporter-output>
          </reporter-output>
        </test-method> <!-- beforeMethod -->
        <test-method status="PASS" signature="test1()[pri:0, instance:Tests.tests@62043840]" name="test1" duration-ms="2545" started-at="2015-09-28T15:34:05Z" finished-at="2015-09-28T15:34:08Z">
          <reporter-output>
          </reporter-output>
        </test-method> <!-- test1 -->
        <test-method status="PASS" signature="AfterMethod()[pri:0, instance:Tests.tests@62043840]" name="AfterMethod" is-config="true" duration-ms="0" started-at="2015-09-28T15:34:08Z" finished-at="2015-09-28T15:34:08Z">
          <reporter-output>
          </reporter-output>
        </test-method> <!-- AfterMethod -->
        <test-method status="PASS" signature="beforeMethod()[pri:0, instance:Tests.tests@62043840]" name="beforeMethod" is-config="true" duration-ms="2747" started-at="2015-09-28T15:34:08Z" finished-at="2015-09-28T15:34:11Z">
          <reporter-output>
          </reporter-output>
        </test-method> <!-- beforeMethod -->
        <test-method status="PASS" signature="test2()[pri:0, instance:Tests.tests@62043840]" name="test2" duration-ms="3008" started-at="2015-09-28T15:34:11Z" finished-at="2015-09-28T15:34:14Z">
          <reporter-output>
          </reporter-output>
        </test-method> <!-- test2 -->
        <test-method status="PASS" signature="AfterMethod()[pri:0, instance:Tests.tests@62043840]" name="AfterMethod" is-config="true" duration-ms="0" started-at="2015-09-28T15:34:14Z" finished-at="2015-09-28T15:34:14Z">
          <reporter-output>
          </reporter-output>
        </test-method> <!-- AfterMethod -->
      </class> <!-- Tests.tests -->
      <class name="utilities.ExcelUtil">
        <test-method status="PASS" signature="ReadDataFromExcel()[pri:0, instance:utilities.ExcelUtil@327471b5]" name="ReadDataFromExcel" duration-ms="690" started-at="2015-09-28T15:34:14Z" finished-at="2015-09-28T15:34:14Z">
          <reporter-output>
          </reporter-output>
        </test-method> <!-- ReadDataFromExcel -->
      </class> <!-- utilities.ExcelUtil -->
    </test> <!-- Default test -->
  </suite> <!-- Default suite -->
</testng-results>
